<?xml version="1.0" encoding="UTF-8"?>
<!-- Generated by org.testng.reporters.JUnitReportReporter -->
<testsuite hostname="LAPTOP-2892KGSG" failures="0" tests="1" name="DemoPractice.PracticeProgram1" time="0.022" errors="0" timestamp="2023-04-27T08:59:36 IST" skipped="0">
  <testcase classname="DemoPractice.PracticeProgram1" name="createProgram" time="0.022"/>
  <system-out/>
</testsuite> <!-- DemoPractice.PracticeProgram1 -->
